PanicWallpaper/app/build/intermediates/manifest_merge_blame_file/debug/manifest-merger-blame-debug-report.txt
1<?xml version="1.0" encoding="utf-8"?>
2<manifest xmlns:android="http://schemas.android.com/apk/res/android"
3    package="com.example.panicwallpaper"
4    android:versionCode="1"
5    android:versionName="1.0" >
6
7    <uses-sdk
8        android:minSdkVersion="26"
9        android:targetSdkVersion="34" />
10
11    <permission
11-->[androidx.core:core:1.12.0] AndroidManifest.xml:22:5-24:47
12        android:name="com.example.panicwallpaper.DYNAMIC_RECEIVER_NOT_EXPORTED_PERMISSION"
12-->[androidx.core:core:1.12.0] AndroidManifest.xml:23:9-81
13        android:protectionLevel="signature" />
13-->[androidx.core:core:1.12.0] AndroidManifest.xml:24:9-44
14
15    <uses-permission android:name="com.example.panicwallpaper.DYNAMIC_RECEIVER_NOT_EXPORTED_PERMISSION" />
15-->[androidx.core:core:1.12.0] AndroidManifest.xml:26:5-97
15-->[androidx.core:core:1.12.0] AndroidManifest.xml:26:22-94
16    <!--
17 Permission to set wallpaper is not strictly needed just to BE a wallpaper, 
18         but we might need BIND_WALLPAPER permission in the service declaration
19    -->
20    <application
20-->src/main/AndroidManifest.xml:8:5-41:19
21        android:allowBackup="true"
21-->src/main/AndroidManifest.xml:9:9-35
22        android:appComponentFactory="androidx.core.app.CoreComponentFactory"
22-->[androidx.core:core:1.12.0] AndroidManifest.xml:28:18-86
23        android:dataExtractionRules="@xml/data_extraction_rules"
23-->src/main/AndroidManifest.xml:10:9-65
24        android:debuggable="true"
25        android:extractNativeLibs="false"
26        android:fullBackupContent="@xml/backup_rules"
26-->src/main/AndroidManifest.xml:11:9-54
27        android:icon="@drawable/ic_launcher_foreground"
27-->src/main/AndroidManifest.xml:12:9-56
28        android:label="@string/app_name"
28-->src/main/AndroidManifest.xml:13:9-41
29        android:roundIcon="@drawable/ic_launcher_foreground"
29-->src/main/AndroidManifest.xml:14:9-61
30        android:supportsRtl="true"
30-->src/main/AndroidManifest.xml:15:9-35
31        android:testOnly="true"
32        android:theme="@style/Theme.PanicWallpaper" >
32-->src/main/AndroidManifest.xml:16:9-52
33        <activity
33-->src/main/AndroidManifest.xml:19:9-26:20
34            android:name="com.example.panicwallpaper.MainActivity"
34-->src/main/AndroidManifest.xml:20:13-41
35            android:exported="true" >
35-->src/main/AndroidManifest.xml:21:13-36
36            <intent-filter>
36-->src/main/AndroidManifest.xml:22:13-25:29
37                <action android:name="android.intent.action.MAIN" />
37-->src/main/AndroidManifest.xml:23:17-69
37-->src/main/AndroidManifest.xml:23:25-66
38
39                <category android:name="android.intent.category.LAUNCHER" />
39-->src/main/AndroidManifest.xml:24:17-77
39-->src/main/AndroidManifest.xml:24:27-74
40            </intent-filter>
41        </activity>
42
43        <service
43-->src/main/AndroidManifest.xml:28:9-39:19
44            android:name="com.example.panicwallpaper.TaskWallpaperService"
44-->src/main/AndroidManifest.xml:29:13-49
45            android:exported="true"
45-->src/main/AndroidManifest.xml:30:13-36
46            android:label="@string/app_name"
46-->src/main/AndroidManifest.xml:31:13-45
47            android:permission="android.permission.BIND_WALLPAPER" >
47-->src/main/AndroidManifest.xml:32:13-67
48            <intent-filter>
48-->src/main/AndroidManifest.xml:33:13-35:29
49                <action android:name="android.service.wallpaper.WallpaperService" />
49-->src/main/AndroidManifest.xml:34:17-85
49-->src/main/AndroidManifest.xml:34:25-82
50            </intent-filter>
51
52            <meta-data
52-->src/main/AndroidManifest.xml:36:13-38:53
53                android:name="android.service.wallpaper"
53-->src/main/AndroidManifest.xml:37:17-57
54                android:resource="@xml/wallpaper" />
54-->src/main/AndroidManifest.xml:38:17-50
55        </service>
56
57        <provider
57-->[androidx.emoji2:emoji2:1.2.0] AndroidManifest.xml:24:9-32:20
58            android:name="androidx.startup.InitializationProvider"
58-->[androidx.emoji2:emoji2:1.2.0] AndroidManifest.xml:25:13-67
59            android:authorities="com.example.panicwallpaper.androidx-startup"
59-->[androidx.emoji2:emoji2:1.2.0] AndroidManifest.xml:26:13-68
60            android:exported="false" >
60-->[androidx.emoji2:emoji2:1.2.0] AndroidManifest.xml:27:13-37
61            <meta-data
61-->[androidx.emoji2:emoji2:1.2.0] AndroidManifest.xml:29:13-31:52
62                android:name="androidx.emoji2.text.EmojiCompatInitializer"
62-->[androidx.emoji2:emoji2:1.2.0] AndroidManifest.xml:30:17-75
63                android:value="androidx.startup" />
63-->[androidx.emoji2:emoji2:1.2.0] AndroidManifest.xml:31:17-49
64            <meta-data
64-->[androidx.lifecycle:lifecycle-process:2.6.1] AndroidManifest.xml:29:13-31:52
65                android:name="androidx.lifecycle.ProcessLifecycleInitializer"
65-->[androidx.lifecycle:lifecycle-process:2.6.1] AndroidManifest.xml:30:17-78
66                android:value="androidx.startup" />
66-->[androidx.lifecycle:lifecycle-process:2.6.1] AndroidManifest.xml:31:17-49
67            <meta-data
67-->[androidx.profileinstaller:profileinstaller:1.3.0] AndroidManifest.xml:29:13-31:52
68                android:name="androidx.profileinstaller.ProfileInstallerInitializer"
68-->[androidx.profileinstaller:profileinstaller:1.3.0] AndroidManifest.xml:30:17-85
69                android:value="androidx.startup" />
69-->[androidx.profileinstaller:profileinstaller:1.3.0] AndroidManifest.xml:31:17-49
70        </provider>
71
72        <service
72-->[androidx.room:room-runtime:2.6.1] AndroidManifest.xml:24:9-28:63
73            android:name="androidx.room.MultiInstanceInvalidationService"
73-->[androidx.room:room-runtime:2.6.1] AndroidManifest.xml:25:13-74
74            android:directBootAware="true"
74-->[androidx.room:room-runtime:2.6.1] AndroidManifest.xml:26:13-43
75            android:exported="false" />
75-->[androidx.room:room-runtime:2.6.1] AndroidManifest.xml:27:13-37
76
77        <receiver
77-->[androidx.profileinstaller:profileinstaller:1.3.0] AndroidManifest.xml:34:9-52:20
78            android:name="androidx.profileinstaller.ProfileInstallReceiver"
78-->[androidx.profileinstaller:profileinstaller:1.3.0] AndroidManifest.xml:35:13-76
79            android:directBootAware="false"
79-->[androidx.profileinstaller:profileinstaller:1.3.0] AndroidManifest.xml:36:13-44
80            android:enabled="true"
80-->[androidx.profileinstaller:profileinstaller:1.3.0] AndroidManifest.xml:37:13-35
81            android:exported="true"
81-->[androidx.profileinstaller:profileinstaller:1.3.0] AndroidManifest.xml:38:13-36
82            android:permission="android.permission.DUMP" >
82-->[androidx.profileinstaller:profileinstaller:1.3.0] AndroidManifest.xml:39:13-57
83            <intent-filter>
83-->[androidx.profileinstaller:profileinstaller:1.3.0] AndroidManifest.xml:40:13-42:29
84                <action android:name="androidx.profileinstaller.action.INSTALL_PROFILE" />
84-->[androidx.profileinstaller:profileinstaller:1.3.0] AndroidManifest.xml:41:17-91
84-->[androidx.profileinstaller:profileinstaller:1.3.0] AndroidManifest.xml:41:25-88
85            </intent-filter>
86            <intent-filter>
86-->[androidx.profileinstaller:profileinstaller:1.3.0] AndroidManifest.xml:43:13-45:29
87                <action android:name="androidx.profileinstaller.action.SKIP_FILE" />
87-->[androidx.profileinstaller:profileinstaller:1.3.0] AndroidManifest.xml:44:17-85
87-->[androidx.profileinstaller:profileinstaller:1.3.0] AndroidManifest.xml:44:25-82
88            </intent-filter>
89            <intent-filter>
89-->[androidx.profileinstaller:profileinstaller:1.3.0] AndroidManifest.xml:46:13-48:29
90                <action android:name="androidx.profileinstaller.action.SAVE_PROFILE" />
90-->[androidx.profileinstaller:profileinstaller:1.3.0] AndroidManifest.xml:47:17-88
90-->[androidx.profileinstaller:profileinstaller:1.3.0] AndroidManifest.xml:47:25-85
91            </intent-filter>
92            <intent-filter>
92-->[androidx.profileinstaller:profileinstaller:1.3.0] AndroidManifest.xml:49:13-51:29
93                <action android:name="androidx.profileinstaller.action.BENCHMARK_OPERATION" />
93-->[androidx.profileinstaller:profileinstaller:1.3.0] AndroidManifest.xml:50:17-95
93-->[androidx.profileinstaller:profileinstaller:1.3.0] AndroidManifest.xml:50:25-92
94            </intent-filter>
95        </receiver>
96    </application>
97
98</manifest>